2022-09-21 19:44:45 error: [Cake\ORM\Exception\MissingTableClassException] Table class for alias `Tags` could not be found. in C:\Users\vceca\Sites\cakephp_cms\vendor\cakephp\cakephp\src\ORM\Locator\TableLocator.php on line 243
Exception Attributes: array (
  0 => 'for alias `Tags`',
)
Stack Trace:
- C:\Users\vceca\Sites\cakephp_cms\vendor\cakephp\cakephp\src\Datasource\Locator\AbstractLocator.php:68
- C:\Users\vceca\Sites\cakephp_cms\vendor\cakephp\cakephp\src\ORM\Locator\TableLocator.php:205
- C:\Users\vceca\Sites\cakephp_cms\vendor\cakephp\cakephp\src\ORM\Association.php:403
- C:\Users\vceca\Sites\cakephp_cms\vendor\cakephp\cakephp\src\ORM\Query.php:506
- C:\Users\vceca\Sites\cakephp_cms\vendor\cakephp\cakephp\src\ORM\Query.php:462
- C:\Users\vceca\Sites\cakephp_cms\src\Controller\ArticlesController.php:29
- C:\Users\vceca\Sites\cakephp_cms\vendor\cakephp\cakephp\src\Controller\Controller.php:547
- C:\Users\vceca\Sites\cakephp_cms\vendor\cakephp\cakephp\src\Controller\ControllerFactory.php:139
- C:\Users\vceca\Sites\cakephp_cms\vendor\cakephp\cakephp\src\Controller\ControllerFactory.php:114
- C:\Users\vceca\Sites\cakephp_cms\vendor\cakephp\cakephp\src\Http\BaseApplication.php:320
- C:\Users\vceca\Sites\cakephp_cms\vendor\cakephp\cakephp\src\Http\Runner.php:77
- C:\Users\vceca\Sites\cakephp_cms\vendor\cakephp\cakephp\src\Http\Middleware\CsrfProtectionMiddleware.php:174
- C:\Users\vceca\Sites\cakephp_cms\vendor\cakephp\cakephp\src\Http\Runner.php:73
- C:\Users\vceca\Sites\cakephp_cms\vendor\cakephp\cakephp\src\Http\Middleware\BodyParserMiddleware.php:157
- C:\Users\vceca\Sites\cakephp_cms\vendor\cakephp\cakephp\src\Http\Runner.php:73
- C:\Users\vceca\Sites\cakephp_cms\vendor\cakephp\cakephp\src\Routing\Middleware\RoutingMiddleware.php:186
- C:\Users\vceca\Sites\cakephp_cms\vendor\cakephp\cakephp\src\Http\Runner.php:73
- C:\Users\vceca\Sites\cakephp_cms\vendor\cakephp\cakephp\src\Routing\Middleware\AssetMiddleware.php:68
- C:\Users\vceca\Sites\cakephp_cms\vendor\cakephp\cakephp\src\Http\Runner.php:73
- C:\Users\vceca\Sites\cakephp_cms\vendor\cakephp\cakephp\src\Error\Middleware\ErrorHandlerMiddleware.php:131
- C:\Users\vceca\Sites\cakephp_cms\vendor\cakephp\cakephp\src\Http\Runner.php:73
- C:\Users\vceca\Sites\cakephp_cms\vendor\cakephp\debug_kit\src\Middleware\DebugKitMiddleware.php:60
- C:\Users\vceca\Sites\cakephp_cms\vendor\cakephp\cakephp\src\Http\Runner.php:73
- C:\Users\vceca\Sites\cakephp_cms\vendor\cakephp\cakephp\src\Http\Runner.php:58
- C:\Users\vceca\Sites\cakephp_cms\vendor\cakephp\cakephp\src\Http\Server.php:90
- C:\Users\vceca\Sites\cakephp_cms\webroot\index.php:40

Request URL: /articles/view/first-post
Referer URL: http://localhost:8765/articles
2022-09-21 19:47:10 error: [InvalidArgumentException] Expression `Articles.slug` is missing operator (IS, IS NOT) with `null` value. in C:\Users\vceca\Sites\cakephp_cms\vendor\cakephp\cakephp\src\Database\Expression\QueryExpression.php on line 844
Stack Trace:
- C:\Users\vceca\Sites\cakephp_cms\vendor\cakephp\cakephp\src\Database\Expression\QueryExpression.php:759
- C:\Users\vceca\Sites\cakephp_cms\vendor\cakephp\cakephp\src\Database\Expression\QueryExpression.php:133
- C:\Users\vceca\Sites\cakephp_cms\vendor\cakephp\cakephp\src\Database\Query.php:2347
- C:\Users\vceca\Sites\cakephp_cms\vendor\cakephp\cakephp\src\Database\Query.php:1015
- C:\Users\vceca\Sites\cakephp_cms\vendor\cakephp\cakephp\src\ORM\Query.php:848
- C:\Users\vceca\Sites\cakephp_cms\vendor\cakephp\cakephp\src\ORM\Table.php:2547
- C:\Users\vceca\Sites\cakephp_cms\vendor\cakephp\cakephp\src\ORM\Table.php:1261
- C:\Users\vceca\Sites\cakephp_cms\vendor\cakephp\cakephp\src\ORM\Table.php:2624
- C:\Users\vceca\Sites\cakephp_cms\vendor\cakephp\cakephp\src\ORM\Table.php:2645
- C:\Users\vceca\Sites\cakephp_cms\src\Controller\ArticlesController.php:28
- C:\Users\vceca\Sites\cakephp_cms\vendor\cakephp\cakephp\src\Controller\Controller.php:547
- C:\Users\vceca\Sites\cakephp_cms\vendor\cakephp\cakephp\src\Controller\ControllerFactory.php:139
- C:\Users\vceca\Sites\cakephp_cms\vendor\cakephp\cakephp\src\Controller\ControllerFactory.php:114
- C:\Users\vceca\Sites\cakephp_cms\vendor\cakephp\cakephp\src\Http\BaseApplication.php:320
- C:\Users\vceca\Sites\cakephp_cms\vendor\cakephp\cakephp\src\Http\Runner.php:77
- C:\Users\vceca\Sites\cakephp_cms\vendor\cakephp\cakephp\src\Http\Middleware\CsrfProtectionMiddleware.php:174
- C:\Users\vceca\Sites\cakephp_cms\vendor\cakephp\cakephp\src\Http\Runner.php:73
- C:\Users\vceca\Sites\cakephp_cms\vendor\cakephp\cakephp\src\Http\Middleware\BodyParserMiddleware.php:157
- C:\Users\vceca\Sites\cakephp_cms\vendor\cakephp\cakephp\src\Http\Runner.php:73
- C:\Users\vceca\Sites\cakephp_cms\vendor\cakephp\cakephp\src\Routing\Middleware\RoutingMiddleware.php:186
- C:\Users\vceca\Sites\cakephp_cms\vendor\cakephp\cakephp\src\Http\Runner.php:73
- C:\Users\vceca\Sites\cakephp_cms\vendor\cakephp\cakephp\src\Routing\Middleware\AssetMiddleware.php:68
- C:\Users\vceca\Sites\cakephp_cms\vendor\cakephp\cakephp\src\Http\Runner.php:73
- C:\Users\vceca\Sites\cakephp_cms\vendor\cakephp\cakephp\src\Error\Middleware\ErrorHandlerMiddleware.php:131
- C:\Users\vceca\Sites\cakephp_cms\vendor\cakephp\cakephp\src\Http\Runner.php:73
- C:\Users\vceca\Sites\cakephp_cms\vendor\cakephp\debug_kit\src\Middleware\DebugKitMiddleware.php:60
- C:\Users\vceca\Sites\cakephp_cms\vendor\cakephp\cakephp\src\Http\Runner.php:73
- C:\Users\vceca\Sites\cakephp_cms\vendor\cakephp\cakephp\src\Http\Runner.php:58
- C:\Users\vceca\Sites\cakephp_cms\vendor\cakephp\cakephp\src\Http\Server.php:90
- C:\Users\vceca\Sites\cakephp_cms\webroot\index.php:40

Request URL: /articles/view/
2022-09-21 19:51:40 error: [PDOException] SQLSTATE[HY000]: General error: 1364 Field 'slug' doesn't have a default value in C:\Users\vceca\Sites\cakephp_cms\vendor\cakephp\cakephp\src\Database\Statement\MysqlStatement.php on line 39
Stack Trace:
- C:\Users\vceca\Sites\cakephp_cms\vendor\cakephp\cakephp\src\Database\Statement\MysqlStatement.php:39
- C:\Users\vceca\Sites\cakephp_cms\vendor\cakephp\cakephp\src\Database\Statement\StatementDecorator.php:180
- C:\Users\vceca\Sites\cakephp_cms\vendor\cakephp\cakephp\src\Database\Log\LoggingStatement.php:75
- C:\Users\vceca\Sites\cakephp_cms\vendor\cakephp\cakephp\src\Database\Connection.php:359
- C:\Users\vceca\Sites\cakephp_cms\vendor\cakephp\cakephp\src\Core\Retry\CommandRetry.php:70
- C:\Users\vceca\Sites\cakephp_cms\vendor\cakephp\cakephp\src\Database\Connection.php:362
- C:\Users\vceca\Sites\cakephp_cms\vendor\cakephp\cakephp\src\Database\Query.php:254
- C:\Users\vceca\Sites\cakephp_cms\vendor\cakephp\cakephp\src\ORM\Table.php:2083
- C:\Users\vceca\Sites\cakephp_cms\vendor\cakephp\cakephp\src\ORM\Table.php:1976
- C:\Users\vceca\Sites\cakephp_cms\vendor\cakephp\cakephp\src\ORM\Table.php:1875
- C:\Users\vceca\Sites\cakephp_cms\vendor\cakephp\cakephp\src\ORM\Table.php:1562
- C:\Users\vceca\Sites\cakephp_cms\vendor\cakephp\cakephp\src\Database\Connection.php:708
- C:\Users\vceca\Sites\cakephp_cms\vendor\cakephp\cakephp\src\ORM\Table.php:1563
- C:\Users\vceca\Sites\cakephp_cms\vendor\cakephp\cakephp\src\ORM\Table.php:1876
- C:\Users\vceca\Sites\cakephp_cms\src\Controller\ArticlesController.php:45
- C:\Users\vceca\Sites\cakephp_cms\vendor\cakephp\cakephp\src\Controller\Controller.php:547
- C:\Users\vceca\Sites\cakephp_cms\vendor\cakephp\cakephp\src\Controller\ControllerFactory.php:139
- C:\Users\vceca\Sites\cakephp_cms\vendor\cakephp\cakephp\src\Controller\ControllerFactory.php:114
- C:\Users\vceca\Sites\cakephp_cms\vendor\cakephp\cakephp\src\Http\BaseApplication.php:320
- C:\Users\vceca\Sites\cakephp_cms\vendor\cakephp\cakephp\src\Http\Runner.php:77
- C:\Users\vceca\Sites\cakephp_cms\vendor\cakephp\cakephp\src\Http\Middleware\CsrfProtectionMiddleware.php:174
- C:\Users\vceca\Sites\cakephp_cms\vendor\cakephp\cakephp\src\Http\Runner.php:73
- C:\Users\vceca\Sites\cakephp_cms\vendor\cakephp\cakephp\src\Http\Middleware\BodyParserMiddleware.php:162
- C:\Users\vceca\Sites\cakephp_cms\vendor\cakephp\cakephp\src\Http\Runner.php:73
- C:\Users\vceca\Sites\cakephp_cms\vendor\cakephp\cakephp\src\Routing\Middleware\RoutingMiddleware.php:186
- C:\Users\vceca\Sites\cakephp_cms\vendor\cakephp\cakephp\src\Http\Runner.php:73
- C:\Users\vceca\Sites\cakephp_cms\vendor\cakephp\cakephp\src\Routing\Middleware\AssetMiddleware.php:68
- C:\Users\vceca\Sites\cakephp_cms\vendor\cakephp\cakephp\src\Http\Runner.php:73
- C:\Users\vceca\Sites\cakephp_cms\vendor\cakephp\cakephp\src\Error\Middleware\ErrorHandlerMiddleware.php:131
- C:\Users\vceca\Sites\cakephp_cms\vendor\cakephp\cakephp\src\Http\Runner.php:73
- C:\Users\vceca\Sites\cakephp_cms\vendor\cakephp\debug_kit\src\Middleware\DebugKitMiddleware.php:60
- C:\Users\vceca\Sites\cakephp_cms\vendor\cakephp\cakephp\src\Http\Runner.php:73
- C:\Users\vceca\Sites\cakephp_cms\vendor\cakephp\cakephp\src\Http\Runner.php:58
- C:\Users\vceca\Sites\cakephp_cms\vendor\cakephp\cakephp\src\Http\Server.php:90
- C:\Users\vceca\Sites\cakephp_cms\webroot\index.php:40

Request URL: /articles/add
Referer URL: http://localhost:8765/articles/add
2022-09-21 19:55:13 error: [PDOException] SQLSTATE[HY000]: General error: 1364 Field 'slug' doesn't have a default value in C:\Users\vceca\Sites\cakephp_cms\vendor\cakephp\cakephp\src\Database\Statement\MysqlStatement.php on line 39
Stack Trace:
- C:\Users\vceca\Sites\cakephp_cms\vendor\cakephp\cakephp\src\Database\Statement\MysqlStatement.php:39
- C:\Users\vceca\Sites\cakephp_cms\vendor\cakephp\cakephp\src\Database\Statement\StatementDecorator.php:180
- C:\Users\vceca\Sites\cakephp_cms\vendor\cakephp\cakephp\src\Database\Log\LoggingStatement.php:75
- C:\Users\vceca\Sites\cakephp_cms\vendor\cakephp\cakephp\src\Database\Connection.php:359
- C:\Users\vceca\Sites\cakephp_cms\vendor\cakephp\cakephp\src\Core\Retry\CommandRetry.php:70
- C:\Users\vceca\Sites\cakephp_cms\vendor\cakephp\cakephp\src\Database\Connection.php:362
- C:\Users\vceca\Sites\cakephp_cms\vendor\cakephp\cakephp\src\Database\Query.php:254
- C:\Users\vceca\Sites\cakephp_cms\vendor\cakephp\cakephp\src\ORM\Table.php:2083
- C:\Users\vceca\Sites\cakephp_cms\vendor\cakephp\cakephp\src\ORM\Table.php:1976
- C:\Users\vceca\Sites\cakephp_cms\vendor\cakephp\cakephp\src\ORM\Table.php:1875
- C:\Users\vceca\Sites\cakephp_cms\vendor\cakephp\cakephp\src\ORM\Table.php:1562
- C:\Users\vceca\Sites\cakephp_cms\vendor\cakephp\cakephp\src\Database\Connection.php:708
- C:\Users\vceca\Sites\cakephp_cms\vendor\cakephp\cakephp\src\ORM\Table.php:1563
- C:\Users\vceca\Sites\cakephp_cms\vendor\cakephp\cakephp\src\ORM\Table.php:1876
- C:\Users\vceca\Sites\cakephp_cms\src\Controller\ArticlesController.php:44
- C:\Users\vceca\Sites\cakephp_cms\vendor\cakephp\cakephp\src\Controller\Controller.php:547
- C:\Users\vceca\Sites\cakephp_cms\vendor\cakephp\cakephp\src\Controller\ControllerFactory.php:139
- C:\Users\vceca\Sites\cakephp_cms\vendor\cakephp\cakephp\src\Controller\ControllerFactory.php:114
- C:\Users\vceca\Sites\cakephp_cms\vendor\cakephp\cakephp\src\Http\BaseApplication.php:320
- C:\Users\vceca\Sites\cakephp_cms\vendor\cakephp\cakephp\src\Http\Runner.php:77
- C:\Users\vceca\Sites\cakephp_cms\vendor\cakephp\cakephp\src\Http\Middleware\CsrfProtectionMiddleware.php:174
- C:\Users\vceca\Sites\cakephp_cms\vendor\cakephp\cakephp\src\Http\Runner.php:73
- C:\Users\vceca\Sites\cakephp_cms\vendor\cakephp\cakephp\src\Http\Middleware\BodyParserMiddleware.php:162
- C:\Users\vceca\Sites\cakephp_cms\vendor\cakephp\cakephp\src\Http\Runner.php:73
- C:\Users\vceca\Sites\cakephp_cms\vendor\cakephp\cakephp\src\Routing\Middleware\RoutingMiddleware.php:186
- C:\Users\vceca\Sites\cakephp_cms\vendor\cakephp\cakephp\src\Http\Runner.php:73
- C:\Users\vceca\Sites\cakephp_cms\vendor\cakephp\cakephp\src\Routing\Middleware\AssetMiddleware.php:68
- C:\Users\vceca\Sites\cakephp_cms\vendor\cakephp\cakephp\src\Http\Runner.php:73
- C:\Users\vceca\Sites\cakephp_cms\vendor\cakephp\cakephp\src\Error\Middleware\ErrorHandlerMiddleware.php:131
- C:\Users\vceca\Sites\cakephp_cms\vendor\cakephp\cakephp\src\Http\Runner.php:73
- C:\Users\vceca\Sites\cakephp_cms\vendor\cakephp\debug_kit\src\Middleware\DebugKitMiddleware.php:60
- C:\Users\vceca\Sites\cakephp_cms\vendor\cakephp\cakephp\src\Http\Runner.php:73
- C:\Users\vceca\Sites\cakephp_cms\vendor\cakephp\cakephp\src\Http\Runner.php:58
- C:\Users\vceca\Sites\cakephp_cms\vendor\cakephp\cakephp\src\Http\Server.php:90
- C:\Users\vceca\Sites\cakephp_cms\webroot\index.php:40

Request URL: /articles/add
Referer URL: http://localhost:8765/articles/add
2022-09-21 19:56:15 error: [PDOException] SQLSTATE[HY000]: General error: 1364 Field 'slug' doesn't have a default value in C:\Users\vceca\Sites\cakephp_cms\vendor\cakephp\cakephp\src\Database\Statement\MysqlStatement.php on line 39
Stack Trace:
- C:\Users\vceca\Sites\cakephp_cms\vendor\cakephp\cakephp\src\Database\Statement\MysqlStatement.php:39
- C:\Users\vceca\Sites\cakephp_cms\vendor\cakephp\cakephp\src\Database\Statement\StatementDecorator.php:180
- C:\Users\vceca\Sites\cakephp_cms\vendor\cakephp\cakephp\src\Database\Log\LoggingStatement.php:75
- C:\Users\vceca\Sites\cakephp_cms\vendor\cakephp\cakephp\src\Database\Connection.php:359
- C:\Users\vceca\Sites\cakephp_cms\vendor\cakephp\cakephp\src\Core\Retry\CommandRetry.php:70
- C:\Users\vceca\Sites\cakephp_cms\vendor\cakephp\cakephp\src\Database\Connection.php:362
- C:\Users\vceca\Sites\cakephp_cms\vendor\cakephp\cakephp\src\Database\Query.php:254
- C:\Users\vceca\Sites\cakephp_cms\vendor\cakephp\cakephp\src\ORM\Table.php:2083
- C:\Users\vceca\Sites\cakephp_cms\vendor\cakephp\cakephp\src\ORM\Table.php:1976
- C:\Users\vceca\Sites\cakephp_cms\vendor\cakephp\cakephp\src\ORM\Table.php:1875
- C:\Users\vceca\Sites\cakephp_cms\vendor\cakephp\cakephp\src\ORM\Table.php:1562
- C:\Users\vceca\Sites\cakephp_cms\vendor\cakephp\cakephp\src\Database\Connection.php:708
- C:\Users\vceca\Sites\cakephp_cms\vendor\cakephp\cakephp\src\ORM\Table.php:1563
- C:\Users\vceca\Sites\cakephp_cms\vendor\cakephp\cakephp\src\ORM\Table.php:1876
- C:\Users\vceca\Sites\cakephp_cms\src\Controller\ArticlesController.php:44
- C:\Users\vceca\Sites\cakephp_cms\vendor\cakephp\cakephp\src\Controller\Controller.php:547
- C:\Users\vceca\Sites\cakephp_cms\vendor\cakephp\cakephp\src\Controller\ControllerFactory.php:139
- C:\Users\vceca\Sites\cakephp_cms\vendor\cakephp\cakephp\src\Controller\ControllerFactory.php:114
- C:\Users\vceca\Sites\cakephp_cms\vendor\cakephp\cakephp\src\Http\BaseApplication.php:320
- C:\Users\vceca\Sites\cakephp_cms\vendor\cakephp\cakephp\src\Http\Runner.php:77
- C:\Users\vceca\Sites\cakephp_cms\vendor\cakephp\cakephp\src\Http\Middleware\CsrfProtectionMiddleware.php:174
- C:\Users\vceca\Sites\cakephp_cms\vendor\cakephp\cakephp\src\Http\Runner.php:73
- C:\Users\vceca\Sites\cakephp_cms\vendor\cakephp\cakephp\src\Http\Middleware\BodyParserMiddleware.php:162
- C:\Users\vceca\Sites\cakephp_cms\vendor\cakephp\cakephp\src\Http\Runner.php:73
- C:\Users\vceca\Sites\cakephp_cms\vendor\cakephp\cakephp\src\Routing\Middleware\RoutingMiddleware.php:186
- C:\Users\vceca\Sites\cakephp_cms\vendor\cakephp\cakephp\src\Http\Runner.php:73
- C:\Users\vceca\Sites\cakephp_cms\vendor\cakephp\cakephp\src\Routing\Middleware\AssetMiddleware.php:68
- C:\Users\vceca\Sites\cakephp_cms\vendor\cakephp\cakephp\src\Http\Runner.php:73
- C:\Users\vceca\Sites\cakephp_cms\vendor\cakephp\cakephp\src\Error\Middleware\ErrorHandlerMiddleware.php:131
- C:\Users\vceca\Sites\cakephp_cms\vendor\cakephp\cakephp\src\Http\Runner.php:73
- C:\Users\vceca\Sites\cakephp_cms\vendor\cakephp\debug_kit\src\Middleware\DebugKitMiddleware.php:60
- C:\Users\vceca\Sites\cakephp_cms\vendor\cakephp\cakephp\src\Http\Runner.php:73
- C:\Users\vceca\Sites\cakephp_cms\vendor\cakephp\cakephp\src\Http\Runner.php:58
- C:\Users\vceca\Sites\cakephp_cms\vendor\cakephp\cakephp\src\Http\Server.php:90
- C:\Users\vceca\Sites\cakephp_cms\webroot\index.php:40

Request URL: /articles/add
Referer URL: http://localhost:8765/articles/add
2022-09-21 19:56:36 warning: The connection is going to be closed but there is an active transaction.
2022-09-21 20:16:20 error: [Cake\Datasource\Exception\RecordNotFoundException] Record not found in table "articles" in C:\Users\vceca\Sites\cakephp_cms\vendor\cakephp\cakephp\src\Datasource\QueryTrait.php on line 509
Stack Trace:
- C:\Users\vceca\Sites\cakephp_cms\src\Controller\ArticlesController.php:30
- C:\Users\vceca\Sites\cakephp_cms\vendor\cakephp\cakephp\src\Controller\Controller.php:547
- C:\Users\vceca\Sites\cakephp_cms\vendor\cakephp\cakephp\src\Controller\ControllerFactory.php:139
- C:\Users\vceca\Sites\cakephp_cms\vendor\cakephp\cakephp\src\Controller\ControllerFactory.php:114
- C:\Users\vceca\Sites\cakephp_cms\vendor\cakephp\cakephp\src\Http\BaseApplication.php:320
- C:\Users\vceca\Sites\cakephp_cms\vendor\cakephp\cakephp\src\Http\Runner.php:77
- C:\Users\vceca\Sites\cakephp_cms\vendor\cakephp\cakephp\src\Http\Middleware\CsrfProtectionMiddleware.php:174
- C:\Users\vceca\Sites\cakephp_cms\vendor\cakephp\cakephp\src\Http\Runner.php:73
- C:\Users\vceca\Sites\cakephp_cms\vendor\cakephp\cakephp\src\Http\Middleware\BodyParserMiddleware.php:157
- C:\Users\vceca\Sites\cakephp_cms\vendor\cakephp\cakephp\src\Http\Runner.php:73
- C:\Users\vceca\Sites\cakephp_cms\vendor\cakephp\cakephp\src\Routing\Middleware\RoutingMiddleware.php:186
- C:\Users\vceca\Sites\cakephp_cms\vendor\cakephp\cakephp\src\Http\Runner.php:73
- C:\Users\vceca\Sites\cakephp_cms\vendor\cakephp\cakephp\src\Routing\Middleware\AssetMiddleware.php:68
- C:\Users\vceca\Sites\cakephp_cms\vendor\cakephp\cakephp\src\Http\Runner.php:73
- C:\Users\vceca\Sites\cakephp_cms\vendor\cakephp\cakephp\src\Error\Middleware\ErrorHandlerMiddleware.php:131
- C:\Users\vceca\Sites\cakephp_cms\vendor\cakephp\cakephp\src\Http\Runner.php:73
- C:\Users\vceca\Sites\cakephp_cms\vendor\cakephp\debug_kit\src\Middleware\DebugKitMiddleware.php:60
- C:\Users\vceca\Sites\cakephp_cms\vendor\cakephp\cakephp\src\Http\Runner.php:73
- C:\Users\vceca\Sites\cakephp_cms\vendor\cakephp\cakephp\src\Http\Runner.php:58
- C:\Users\vceca\Sites\cakephp_cms\vendor\cakephp\cakephp\src\Http\Server.php:90
- C:\Users\vceca\Sites\cakephp_cms\webroot\index.php:40

Request URL: /articles/view/3
Referer URL: http://localhost:8765/tags/view/1
